[10:00:20.473] Software start.
[10:00:24.587] Dev0==> Start disconnecting.
[10:00:24.587] Dev0==> Func: stopAllThreads
[10:00:24.587] Dev0==> All trd stopped.
[10:00:24.590] Software exit.

[11:08:13.818] Software start.
[11:08:49.394] Dev0==> Start disconnecting.
[11:08:49.394] Dev0==> Func: stopAllThreads
[11:08:49.394] Dev0==> All trd stopped.
[11:08:49.397] Software exit.

[11:10:15.026] Software start.
[11:10:43.147] Dev0==> Start disconnecting.
[11:10:43.148] Dev0==> Func: stopAllThreads
[11:10:43.148] Dev0==> All trd stopped.
[11:10:43.150] Software exit.

[11:17:38.535] Software start.
[11:17:43.288] Dev0==> Start disconnecting.
[11:17:43.288] Dev0==> Func: stopAllThreads
[11:17:43.288] Dev0==> All trd stopped.
[11:17:43.292] Software exit.

[11:21:02.259] Software start.
[11:21:07.427] Dev0==> Start disconnecting.
[11:21:07.427] Dev0==> Func: stopAllThreads
[11:21:07.427] Dev0==> All trd stopped.
[11:21:07.429] Software exit.

[15:42:13.021] Software start.
[15:42:20.576] Dev0==> Start disconnecting.
[15:42:20.576] Dev0==> Func: stopAllThreads
[15:42:20.576] Dev0==> All trd stopped.
[15:42:20.579] Software exit.

[15:42:43.760] Software start.
[15:42:47.608] Dev0==> Start disconnecting.
[15:42:47.608] Dev0==> Func: stopAllThreads
[15:42:47.608] Dev0==> All trd stopped.
[15:42:47.613] Software exit.

[15:47:26.389] Software start.
[15:47:31.015] Dev0==> Start disconnecting.
[15:47:31.015] Dev0==> Func: stopAllThreads
[15:47:31.015] Dev0==> All trd stopped.
[15:47:31.019] Software exit.

[15:48:41.939] Software start.
[15:48:43.840] Dev0==> Start disconnecting.
[15:48:43.840] Dev0==> Func: stopAllThreads
[15:48:43.840] Dev0==> All trd stopped.
[15:48:43.843] Software exit.

[15:48:57.093] Software start.
[15:49:03.782] Dev0==> Start disconnecting.
[15:49:03.782] Dev0==> Func: stopAllThreads
[15:49:03.782] Dev0==> All trd stopped.
[15:49:03.786] Software exit.

